{
  "RSpec": {
    "coverage": {
      "/Users/vachanda/Rectangle_boot_camp/lib/rectangle.rb": [
        1,
        null,
        1,
        0,
        0,
        null,
        null,
        1,
        0,
        null,
        null,
        null
      ],
      "/Users/vachanda/Rectangle_boot_camp/lib/length.rb": [
        null,
        1,
        1,
        1,
        1,
        1,
        null,
        1,
        null,
        1,
        10,
        10,
        10,
        null,
        null,
        1,
        5,
        3,
        null,
        null,
        1,
        2,
        null,
        null,
        null
      ]
    },
    "timestamp": 1433486641
  }
}
